Compilación iniciada a las 13/02/2019 17:16:37.
     1>Proyecto "C:\Users\AUTIS_MM\Desktop\3D_Vision\3D_algorithms_dll_code\icp_dll\icp_dll.vcxproj" en el nodo 2 (Build destinos).
     1>C:\Program Files (x86)\MSBuild\Microsoft.Cpp\v4.0\V120\Microsoft.CppBuild.targets(388,5): warning MSB8028: The intermediate directory (x64\Release\) contains files shared from another project (icp_calculation_dll.vcxproj).  This can lead to incorrect clean and rebuild behavior.
     1>ClCompile:
         C:\Program Files (x86)\Microsoft Visual Studio 12.0\VC\bin\x86_amd64\CL.exe /c /I"C:\Program Files\PCL 1.8.0\3rdParty\VTK\include\vtk-7.0" /I"C:\Program Files\PCL 1.8.0\include\pcl-1.8" /I"C:\Program Files\PCL 1.8.0\3rdParty\Eigen\eigen3" /I"C:\Program Files\PCL 1.8.0\3rdParty\Boost\include\boost-1_61" /I"C:\Program Files\OpenNI2\Include" /I"C:\Program Files\PCL 1.8.0\3rdParty\FLANN\include" /I"C:\Program Files\PCL 1.8.0\3rdParty\Qhull\include" /I"C:\Program Files\PCL 1.8.0\3rdParty\VTK\include" /IC:\opencv\opencv_2.4.9\opencv\build\include\opencv /IC:\opencv\opencv_2.4.9\opencv\build\include /Zi /nologo /W3 /WX- /sdl- /O2 /Oi /GL /D WIN32 /D _WINDOWS /D NDEBUG /D _USRDLL /D NORMAL_CALCULATION_DLL_EXPORTS /D DISABLE_OPENNI /D DISABLE_DAVIDSDK /D DISABLE_DSSDK /D DISABLE_RSSDK /D DISABLE_PCAP /D DISABLE_PNG /D "vtkRenderingContext2D_AUTOINIT=1(vtkRenderingContextOpenGL)" /D "vtkRenderingVolume_AUTOINIT=1(vtkRenderingVolumeOpenGL)" /D "vtkRenderingCore_AUTOINIT=3(vtkInteractionStyle,vtkRenderingFreeType,vtkRenderingOpenGL)" /D EIGEN_USE_NEW_STDVECTOR /D EIGEN_YES_I_KNOW_SPARSE_MODULE_IS_NOT_STABLE_YET /D BOOST_ALL_NO_LIB /D FLANN_STATIC /D "CMAKE_INTDIR=\"Release\"" /D _CRT_SECURE_NO_WARNINGS /D _WINDLL /D _UNICODE /D UNICODE /Gm- /EHsc /MD /GS /Gy /fp:precise /Zc:wchar_t /Zc:forScope /Fo"x64\Release\\" /Fd"x64\Release\vc120.pdb" /Gd /TP /errorReport:prompt 3D_algorithms_dll_code.cpp
         3D_algorithms_dll_code.cpp
     1>C:\Program Files\PCL 1.8.0\include\pcl-1.8\pcl/sample_consensus/model_types.h(100): warning C4996: 'pcl::SAC_SAMPLE_SIZE': This map is deprecated and is kept only to prevent breaking existing user code. Starting from PCL 1.8.0 model sample size is a protected member of the SampleConsensusModel class
                 C:\Program Files\PCL 1.8.0\include\pcl-1.8\pcl/sample_consensus/model_types.h(99) : vea la declaración de 'pcl::SAC_SAMPLE_SIZE'
     1>C:\Program Files\PCL 1.8.0\include\pcl-1.8\pcl/visualization/impl/point_cloud_color_handlers.hpp(549): warning C4267: 'argumento' : conversión de 'size_t' a 'unsigned int'; posible pérdida de datos
                 C:\Program Files\PCL 1.8.0\include\pcl-1.8\pcl/visualization/impl/point_cloud_color_handlers.hpp(525) : durante la compilación de la función miembro de plantilla de clase 'bool pcl::visualization::PointCloudColorHandlerLabelField<pcl::PointXYZL>::getColor(vtkSmartPointer<vtkDataArray> &) const'
                 C:\Program Files\PCL 1.8.0\include\pcl-1.8\pcl/visualization/pcl_visualizer.h(907) : vea la referencia a la creación de instancias de plantilla de clase 'pcl::visualization::PointCloudColorHandlerLabelField<pcl::PointXYZL>' que se está compilando
     1>C:\Program Files\PCL 1.8.0\3rdParty\Boost\include\boost-1_61\boost/bind/bind.hpp(666): warning C4267: 'argumento' : conversión de 'size_t' a 'int'; posible pérdida de datos
                 C:\Program Files\PCL 1.8.0\3rdParty\Boost\include\boost-1_61\boost/bind/bind.hpp(1282) : vea la referencia a la creación de instancias de plantilla de función 'R boost::_bi::list7<boost::reference_wrapper<boost::shared_ptr<pcl::search::Search<pcl::PointXYZ>>>,boost::arg<1>,boost::arg<2>,boost::arg<3>,boost::arg<4>,boost::arg<5>,boost::_bi::value<T>>::operator ()<int,F,boost::_bi::rrlist5<A1,A2,A3,A4,A5>>(boost::_bi::type<T>,F &,A &,long)' que se está compilando
                 with
                 [
                     R=int
         ,            T=int
         ,            F=boost::_mfi::cmf6<int,pcl::search::Search<pcl::PointXYZ>,const pcl::PointCloud<pcl::PointXYZ> &,int,double,std::vector<int,std::allocator<int>> &,std::vector<float,std::allocator<float>> &,unsigned int>
         ,            A1=const pcl::PointCloud<pcl::PointXYZ> &
         ,            A2=size_t
         ,            A3=double
         ,            A4=std::vector<int,std::allocator<int>> &
         ,            A5=std::vector<float,std::allocator<float>> &
         ,            A=boost::_bi::rrlist5<const pcl::PointCloud<pcl::PointXYZ> &,size_t,double,std::vector<int,std::allocator<int>> &,std::vector<float,std::allocator<float>> &>
                 ]
                 C:\Program Files\PCL 1.8.0\3rdParty\Boost\include\boost-1_61\boost/bind/bind.hpp(1282) : vea la referencia a la creación de instancias de plantilla de función 'R boost::_bi::list7<boost::reference_wrapper<boost::shared_ptr<pcl::search::Search<pcl::PointXYZ>>>,boost::arg<1>,boost::arg<2>,boost::arg<3>,boost::arg<4>,boost::arg<5>,boost::_bi::value<T>>::operator ()<int,F,boost::_bi::rrlist5<A1,A2,A3,A4,A5>>(boost::_bi::type<T>,F &,A &,long)' que se está compilando
                 with
                 [
                     R=int
         ,            T=int
         ,            F=boost::_mfi::cmf6<int,pcl::search::Search<pcl::PointXYZ>,const pcl::PointCloud<pcl::PointXYZ> &,int,double,std::vector<int,std::allocator<int>> &,std::vector<float,std::allocator<float>> &,unsigned int>
         ,            A1=const pcl::PointCloud<pcl::PointXYZ> &
         ,            A2=size_t
         ,            A3=double
         ,            A4=std::vector<int,std::allocator<int>> &
         ,            A5=std::vector<float,std::allocator<float>> &
         ,            A=boost::_bi::rrlist5<const pcl::PointCloud<pcl::PointXYZ> &,size_t,double,std::vector<int,std::allocator<int>> &,std::vector<float,std::allocator<float>> &>
                 ]
                 C:\Program Files\PCL 1.8.0\3rdParty\Boost\include\boost-1_61\boost/function/function_template.hpp(138) : vea la referencia a la creación de instancias de plantilla de función 'int boost::_bi::bind_t<int,boost::_mfi::cmf6<int,pcl::search::Search<pcl::PointXYZ>,const pcl::PointCloud<pcl::PointXYZ> &,int,double,std::vector<int,std::allocator<_Ty>> &,std::vector<float,std::allocator<float>> &,unsigned int>,boost::_bi::list7<boost::reference_wrapper<boost::shared_ptr<pcl::search::Search<pcl::PointXYZ>>>,boost::arg<1>,boost::arg<2>,boost::arg<3>,boost::arg<4>,boost::arg<5>,boost::_bi::value<T>>>::operator ()<const pcl::PointCloud<pcl::PointXYZ>&,unsigned __int64,double,std::vector<_Ty,std::allocator<_Ty>>&,std::vector<float,std::allocator<float>>&>(A1,A2 &&,A3 &&,A4,A5)' que se está compilando
                 with
                 [
                     _Ty=int
         ,            T=int
         ,            A1=const pcl::PointCloud<pcl::PointXYZ> &
         ,            A2=size_t
         ,            A3=double
         ,            A4=std::vector<int,std::allocator<int>> &
         ,            A5=std::vector<float,std::allocator<float>> &
                 ]
                 C:\Program Files\PCL 1.8.0\3rdParty\Boost\include\boost-1_61\boost/function/function_template.hpp(138) : vea la referencia a la creación de instancias de plantilla de función 'int boost::_bi::bind_t<int,boost::_mfi::cmf6<int,pcl::search::Search<pcl::PointXYZ>,const pcl::PointCloud<pcl::PointXYZ> &,int,double,std::vector<int,std::allocator<_Ty>> &,std::vector<float,std::allocator<float>> &,unsigned int>,boost::_bi::list7<boost::reference_wrapper<boost::shared_ptr<pcl::search::Search<pcl::PointXYZ>>>,boost::arg<1>,boost::arg<2>,boost::arg<3>,boost::arg<4>,boost::arg<5>,boost::_bi::value<T>>>::operator ()<const pcl::PointCloud<pcl::PointXYZ>&,unsigned __int64,double,std::vector<_Ty,std::allocator<_Ty>>&,std::vector<float,std::allocator<float>>&>(A1,A2 &&,A3 &&,A4,A5)' que se está compilando
                 with
                 [
                     _Ty=int
         ,            T=int
         ,            A1=const pcl::PointCloud<pcl::PointXYZ> &
         ,            A2=size_t
         ,            A3=double
         ,            A4=std::vector<int,std::allocator<int>> &
         ,            A5=std::vector<float,std::allocator<float>> &
                 ]
                 C:\Program Files\PCL 1.8.0\3rdParty\Boost\include\boost-1_61\boost/function/function_template.hpp(132) : durante la compilación de la función miembro de plantilla de clase 'int boost::detail::function::function_obj_invoker5<FunctionObj,R,T0,T1,T2,T3,T4>::invoke(boost::detail::function::function_buffer &,T0,T1,T2,T3,T4)'
                 with
                 [
                     FunctionObj=boost::_bi::bind_t<int,boost::_mfi::cmf6<int,pcl::search::Search<pcl::PointXYZ>,const pcl::PointCloud<pcl::PointXYZ> &,int,double,std::vector<int,std::allocator<int>> &,std::vector<float,std::allocator<float>> &,unsigned int>,boost::_bi::list7<boost::reference_wrapper<boost::shared_ptr<pcl::search::Search<pcl::PointXYZ>>>,boost::arg<1>,boost::arg<2>,boost::arg<3>,boost::arg<4>,boost::arg<5>,boost::_bi::value<int>>>
         ,            R=int
         ,            T0=const pcl::PointCloud<pcl::PointXYZ> &
         ,            T1=size_t
         ,            T2=double
         ,            T3=std::vector<int,std::allocator<int>> &
         ,            T4=std::vector<float,std::allocator<float>> &
                 ]
                 C:\Program Files\PCL 1.8.0\3rdParty\Boost\include\boost-1_61\boost/function/function_template.hpp(937) : vea la referencia a la creación de instancias de plantilla de función 'int boost::detail::function::function_obj_invoker5<FunctionObj,R,T0,T1,T2,T3,T4>::invoke(boost::detail::function::function_buffer &,T0,T1,T2,T3,T4)' que se está compilando
                 with
                 [
                     FunctionObj=boost::_bi::bind_t<int,boost::_mfi::cmf6<int,pcl::search::Search<pcl::PointXYZ>,const pcl::PointCloud<pcl::PointXYZ> &,int,double,std::vector<int,std::allocator<int>> &,std::vector<float,std::allocator<float>> &,unsigned int>,boost::_bi::list7<boost::reference_wrapper<boost::shared_ptr<pcl::search::Search<pcl::PointXYZ>>>,boost::arg<1>,boost::arg<2>,boost::arg<3>,boost::arg<4>,boost::arg<5>,boost::_bi::value<int>>>
         ,            R=int
         ,            T0=const pcl::PointCloud<pcl::PointXYZ> &
         ,            T1=size_t
         ,            T2=double
         ,            T3=std::vector<int,std::allocator<int>> &
         ,            T4=std::vector<float,std::allocator<float>> &
                 ]
                 C:\Program Files\PCL 1.8.0\3rdParty\Boost\include\boost-1_61\boost/function/function_template.hpp(937) : vea la referencia a la creación de instancias de plantilla de clase 'boost::detail::function::function_obj_invoker5<FunctionObj,R,T0,T1,T2,T3,T4>' que se está compilando
                 with
                 [
                     FunctionObj=boost::_bi::bind_t<int,boost::_mfi::cmf6<int,pcl::search::Search<pcl::PointXYZ>,const pcl::PointCloud<pcl::PointXYZ> &,int,double,std::vector<int,std::allocator<int>> &,std::vector<float,std::allocator<float>> &,unsigned int>,boost::_bi::list7<boost::reference_wrapper<boost::shared_ptr<pcl::search::Search<pcl::PointXYZ>>>,boost::arg<1>,boost::arg<2>,boost::arg<3>,boost::arg<4>,boost::arg<5>,boost::_bi::value<int>>>
         ,            R=int
         ,            T0=const pcl::PointCloud<pcl::PointXYZ> &
         ,            T1=size_t
         ,            T2=double
         ,            T3=std::vector<int,std::allocator<int>> &
         ,            T4=std::vector<float,std::allocator<float>> &
                 ]
                 C:\Program Files\PCL 1.8.0\3rdParty\Boost\include\boost-1_61\boost/function/function_template.hpp(727) : vea la referencia a la creación de instancias de plantilla de función 'void boost::function5<R,T0,T1,T2,T3,T4>::assign_to<Functor>(Functor)' que se está compilando
                 with
                 [
                     R=int
         ,            T0=const pcl::PointCloud<pcl::PointXYZ> &
         ,            T1=size_t
         ,            T2=double
         ,            T3=std::vector<int,std::allocator<int>> &
         ,            T4=std::vector<float,std::allocator<float>> &
         ,            Functor=boost::_bi::bind_t<int,boost::_mfi::cmf6<int,pcl::search::Search<pcl::PointXYZ>,const pcl::PointCloud<pcl::PointXYZ> &,int,double,std::vector<int,std::allocator<int>> &,std::vector<float,std::allocator<float>> &,unsigned int>,boost::_bi::list7<boost::reference_wrapper<boost::shared_ptr<pcl::search::Search<pcl::PointXYZ>>>,boost::arg<1>,boost::arg<2>,boost::arg<3>,boost::arg<4>,boost::arg<5>,boost::_bi::value<int>>>
                 ]
                 C:\Program Files\PCL 1.8.0\3rdParty\Boost\include\boost-1_61\boost/function/function_template.hpp(727) : vea la referencia a la creación de instancias de plantilla de función 'void boost::function5<R,T0,T1,T2,T3,T4>::assign_to<Functor>(Functor)' que se está compilando
                 with
                 [
                     R=int
         ,            T0=const pcl::PointCloud<pcl::PointXYZ> &
         ,            T1=size_t
         ,            T2=double
         ,            T3=std::vector<int,std::allocator<int>> &
         ,            T4=std::vector<float,std::allocator<float>> &
         ,            Functor=boost::_bi::bind_t<int,boost::_mfi::cmf6<int,pcl::search::Search<pcl::PointXYZ>,const pcl::PointCloud<pcl::PointXYZ> &,int,double,std::vector<int,std::allocator<int>> &,std::vector<float,std::allocator<float>> &,unsigned int>,boost::_bi::list7<boost::reference_wrapper<boost::shared_ptr<pcl::search::Search<pcl::PointXYZ>>>,boost::arg<1>,boost::arg<2>,boost::arg<3>,boost::arg<4>,boost::arg<5>,boost::_bi::value<int>>>
                 ]
                 C:\Program Files\PCL 1.8.0\3rdParty\Boost\include\boost-1_61\boost/function/function_template.hpp(1074) : vea la referencia a la creación de instancias de plantilla de función 'boost::function5<R,T0,T1,T2,T3,T4>::function5<boost::_bi::bind_t<R,boost::_mfi::cmf6<R,pcl::search::Search<pcl::PointXYZ>,const pcl::PointCloud<pcl::PointXYZ> &,int,double,std::vector<int,std::allocator<_Ty>> &,std::vector<float,std::allocator<float>> &,unsigned int>,boost::_bi::list7<boost::reference_wrapper<boost::shared_ptr<pcl::search::Search<pcl::PointXYZ>>>,boost::arg<1>,boost::arg<2>,boost::arg<3>,boost::arg<4>,boost::arg<5>,boost::_bi::value<T>>>>(Functor,int)' que se está compilando
                 with
                 [
                     R=int
         ,            T0=const pcl::PointCloud<pcl::PointXYZ> &
         ,            T1=size_t
         ,            T2=double
         ,            T3=std::vector<int,std::allocator<int>> &
         ,            T4=std::vector<float,std::allocator<float>> &
         ,            _Ty=int
         ,            T=int
         ,            Functor=boost::_bi::bind_t<int,boost::_mfi::cmf6<int,pcl::search::Search<pcl::PointXYZ>,const pcl::PointCloud<pcl::PointXYZ> &,int,double,std::vector<int,std::allocator<int>> &,std::vector<float,std::allocator<float>> &,unsigned int>,boost::_bi::list7<boost::reference_wrapper<boost::shared_ptr<pcl::search::Search<pcl::PointXYZ>>>,boost::arg<1>,boost::arg<2>,boost::arg<3>,boost::arg<4>,boost::arg<5>,boost::_bi::value<int>>>
                 ]
                 C:\Program Files\PCL 1.8.0\3rdParty\Boost\include\boost-1_61\boost/function/function_template.hpp(1074) : vea la referencia a la creación de instancias de plantilla de función 'boost::function5<R,T0,T1,T2,T3,T4>::function5<boost::_bi::bind_t<R,boost::_mfi::cmf6<R,pcl::search::Search<pcl::PointXYZ>,const pcl::PointCloud<pcl::PointXYZ> &,int,double,std::vector<int,std::allocator<_Ty>> &,std::vector<float,std::allocator<float>> &,unsigned int>,boost::_bi::list7<boost::reference_wrapper<boost::shared_ptr<pcl::search::Search<pcl::PointXYZ>>>,boost::arg<1>,boost::arg<2>,boost::arg<3>,boost::arg<4>,boost::arg<5>,boost::_bi::value<T>>>>(Functor,int)' que se está compilando
                 with
                 [
                     R=int
         ,            T0=const pcl::PointCloud<pcl::PointXYZ> &
         ,            T1=size_t
         ,            T2=double
         ,            T3=std::vector<int,std::allocator<int>> &
         ,            T4=std::vector<float,std::allocator<float>> &
         ,            _Ty=int
         ,            T=int
         ,            Functor=boost::_bi::bind_t<int,boost::_mfi::cmf6<int,pcl::search::Search<pcl::PointXYZ>,const pcl::PointCloud<pcl::PointXYZ> &,int,double,std::vector<int,std::allocator<int>> &,std::vector<float,std::allocator<float>> &,unsigned int>,boost::_bi::list7<boost::reference_wrapper<boost::shared_ptr<pcl::search::Search<pcl::PointXYZ>>>,boost::arg<1>,boost::arg<2>,boost::arg<3>,boost::arg<4>,boost::arg<5>,boost::_bi::value<int>>>
                 ]
                 C:\Program Files\PCL 1.8.0\3rdParty\Boost\include\boost-1_61\boost/function/function_template.hpp(1126) : vea la referencia a la creación de instancias de plantilla de función 'boost::function<int (const pcl::PointCloud<pcl::PointXYZ> &,size_t,double,std::vector<int,std::allocator<_Ty>> &,std::vector<float,std::allocator<float>> &)>::function<boost::_bi::bind_t<int,boost::_mfi::cmf6<int,pcl::search::Search<pcl::PointXYZ>,const pcl::PointCloud<pcl::PointXYZ> &,int,double,std::vector<_Ty,std::allocator<_Ty>> &,std::vector<float,std::allocator<float>> &,unsigned int>,boost::_bi::list7<boost::reference_wrapper<boost::shared_ptr<pcl::search::Search<pcl::PointXYZ>>>,boost::arg<1>,boost::arg<2>,boost::arg<3>,boost::arg<4>,boost::arg<5>,boost::_bi::value<T>>>>(Functor,int)' que se está compilando
                 with
                 [
                     _Ty=int
         ,            T=int
         ,            Functor=boost::_bi::bind_t<int,boost::_mfi::cmf6<int,pcl::search::Search<pcl::PointXYZ>,const pcl::PointCloud<pcl::PointXYZ> &,int,double,std::vector<int,std::allocator<int>> &,std::vector<float,std::allocator<float>> &,unsigned int>,boost::_bi::list7<boost::reference_wrapper<boost::shared_ptr<pcl::search::Search<pcl::PointXYZ>>>,boost::arg<1>,boost::arg<2>,boost::arg<3>,boost::arg<4>,boost::arg<5>,boost::_bi::value<int>>>
                 ]
                 C:\Program Files\PCL 1.8.0\3rdParty\Boost\include\boost-1_61\boost/function/function_template.hpp(1126) : vea la referencia a la creación de instancias de plantilla de función 'boost::function<int (const pcl::PointCloud<pcl::PointXYZ> &,size_t,double,std::vector<int,std::allocator<_Ty>> &,std::vector<float,std::allocator<float>> &)>::function<boost::_bi::bind_t<int,boost::_mfi::cmf6<int,pcl::search::Search<pcl::PointXYZ>,const pcl::PointCloud<pcl::PointXYZ> &,int,double,std::vector<_Ty,std::allocator<_Ty>> &,std::vector<float,std::allocator<float>> &,unsigned int>,boost::_bi::list7<boost::reference_wrapper<boost::shared_ptr<pcl::search::Search<pcl::PointXYZ>>>,boost::arg<1>,boost::arg<2>,boost::arg<3>,boost::arg<4>,boost::arg<5>,boost::_bi::value<T>>>>(Functor,int)' que se está compilando
                 with
                 [
                     _Ty=int
         ,            T=int
         ,            Functor=boost::_bi::bind_t<int,boost::_mfi::cmf6<int,pcl::search::Search<pcl::PointXYZ>,const pcl::PointCloud<pcl::PointXYZ> &,int,double,std::vector<int,std::allocator<int>> &,std::vector<float,std::allocator<float>> &,unsigned int>,boost::_bi::list7<boost::reference_wrapper<boost::shared_ptr<pcl::search::Search<pcl::PointXYZ>>>,boost::arg<1>,boost::arg<2>,boost::arg<3>,boost::arg<4>,boost::arg<5>,boost::_bi::value<int>>>
                 ]
                 C:\Program Files\PCL 1.8.0\include\pcl-1.8\pcl/features/impl/feature.hpp(149) : vea la referencia a la creación de instancias de plantilla de función 'boost::function<int (const pcl::PointCloud<pcl::PointXYZ> &,size_t,double,std::vector<int,std::allocator<_Ty>> &,std::vector<float,std::allocator<float>> &)> &boost::function<int (const pcl::PointCloud<pcl::PointXYZ> &,size_t,double,std::vector<_Ty,std::allocator<_Ty>> &,std::vector<float,std::allocator<float>> &)>::operator =<boost::_bi::bind_t<int,boost::_mfi::cmf6<int,pcl::search::Search<pcl::PointXYZ>,const pcl::PointCloud<pcl::PointXYZ> &,int,double,std::vector<_Ty,std::allocator<_Ty>> &,std::vector<float,std::allocator<float>> &,unsigned int>,boost::_bi::list7<boost::reference_wrapper<boost::shared_ptr<pcl::search::Search<pcl::PointXYZ>>>,boost::arg<1>,boost::arg<2>,boost::arg<3>,boost::arg<4>,boost::arg<5>,boost::_bi::value<T>>>>(Functor)' que se está compilando
                 with
                 [
                     _Ty=int
         ,            T=int
         ,            Functor=boost::_bi::bind_t<int,boost::_mfi::cmf6<int,pcl::search::Search<pcl::PointXYZ>,const pcl::PointCloud<pcl::PointXYZ> &,int,double,std::vector<int,std::allocator<int>> &,std::vector<float,std::allocator<float>> &,unsigned int>,boost::_bi::list7<boost::reference_wrapper<boost::shared_ptr<pcl::search::Search<pcl::PointXYZ>>>,boost::arg<1>,boost::arg<2>,boost::arg<3>,boost::arg<4>,boost::arg<5>,boost::_bi::value<int>>>
                 ]
                 C:\Program Files\PCL 1.8.0\include\pcl-1.8\pcl/features/impl/feature.hpp(149) : vea la referencia a la creación de instancias de plantilla de función 'boost::function<int (const pcl::PointCloud<pcl::PointXYZ> &,size_t,double,std::vector<int,std::allocator<_Ty>> &,std::vector<float,std::allocator<float>> &)> &boost::function<int (const pcl::PointCloud<pcl::PointXYZ> &,size_t,double,std::vector<_Ty,std::allocator<_Ty>> &,std::vector<float,std::allocator<float>> &)>::operator =<boost::_bi::bind_t<int,boost::_mfi::cmf6<int,pcl::search::Search<pcl::PointXYZ>,const pcl::PointCloud<pcl::PointXYZ> &,int,double,std::vector<_Ty,std::allocator<_Ty>> &,std::vector<float,std::allocator<float>> &,unsigned int>,boost::_bi::list7<boost::reference_wrapper<boost::shared_ptr<pcl::search::Search<pcl::PointXYZ>>>,boost::arg<1>,boost::arg<2>,boost::arg<3>,boost::arg<4>,boost::arg<5>,boost::_bi::value<T>>>>(Functor)' que se está compilando
                 with
                 [
                     _Ty=int
         ,            T=int
         ,            Functor=boost::_bi::bind_t<int,boost::_mfi::cmf6<int,pcl::search::Search<pcl::PointXYZ>,const pcl::PointCloud<pcl::PointXYZ> &,int,double,std::vector<int,std::allocator<int>> &,std::vector<float,std::allocator<float>> &,unsigned int>,boost::_bi::list7<boost::reference_wrapper<boost::shared_ptr<pcl::search::Search<pcl::PointXYZ>>>,boost::arg<1>,boost::arg<2>,boost::arg<3>,boost::arg<4>,boost::arg<5>,boost::_bi::value<int>>>
                 ]
                 C:\Program Files\PCL 1.8.0\include\pcl-1.8\pcl/features/impl/feature.hpp(94) : durante la compilación de la función miembro de plantilla de clase 'bool pcl::Feature<PointInT,PointOutT>::initCompute(void)'
                 with
                 [
                     PointInT=pcl::PointXYZ
         ,            PointOutT=pcl::Normal
                 ]
                 C:\Program Files\PCL 1.8.0\include\pcl-1.8\pcl/features/impl/feature.hpp(191) : vea la referencia a la creación de instancias de plantilla de función 'bool pcl::Feature<PointInT,PointOutT>::initCompute(void)' que se está compilando
                 with
                 [
                     PointInT=pcl::PointXYZ
         ,            PointOutT=pcl::Normal
                 ]
                 C:\Program Files\PCL 1.8.0\include\pcl-1.8\pcl/features/integral_image_normal.h(69) : vea la referencia a la creación de instancias de plantilla de clase 'pcl::Feature<PointInT,PointOutT>' que se está compilando
                 with
                 [
                     PointInT=pcl::PointXYZ
         ,            PointOutT=pcl::Normal
                 ]
                 3D_algorithms_dll_code.cpp(106) : vea la referencia a la creación de instancias de plantilla de clase 'pcl::IntegralImageNormalEstimation<pcl::PointXYZ,pcl::Normal>' que se está compilando
     1>C:\Program Files\PCL 1.8.0\3rdParty\Boost\include\boost-1_61\boost/bind/bind.hpp(592): warning C4244: 'argumento' : conversión de 'double' a 'int'; posible pérdida de datos
                 C:\Program Files\PCL 1.8.0\3rdParty\Boost\include\boost-1_61\boost/bind/bind.hpp(1282) : vea la referencia a la creación de instancias de plantilla de función 'R boost::_bi::list6<boost::reference_wrapper<boost::shared_ptr<pcl::search::Search<pcl::PointXYZ>>>,boost::arg<1>,boost::arg<2>,boost::arg<3>,boost::arg<4>,boost::arg<5>>::operator ()<int,F,boost::_bi::rrlist5<A1,A2,A3,A4,A5>>(boost::_bi::type<int>,F &,A &,long)' que se está compilando
                 with
                 [
                     R=int
         ,            F=boost::_mfi::cmf5<int,pcl::search::Search<pcl::PointXYZ>,const pcl::PointCloud<pcl::PointXYZ> &,int,int,std::vector<int,std::allocator<int>> &,std::vector<float,std::allocator<float>> &>
         ,            A1=const pcl::PointCloud<pcl::PointXYZ> &
         ,            A2=size_t
         ,            A3=double
         ,            A4=std::vector<int,std::allocator<int>> &
         ,            A5=std::vector<float,std::allocator<float>> &
         ,            A=boost::_bi::rrlist5<const pcl::PointCloud<pcl::PointXYZ> &,size_t,double,std::vector<int,std::allocator<int>> &,std::vector<float,std::allocator<float>> &>
                 ]
                 C:\Program Files\PCL 1.8.0\3rdParty\Boost\include\boost-1_61\boost/bind/bind.hpp(1282) : vea la referencia a la creación de instancias de plantilla de función 'R boost::_bi::list6<boost::reference_wrapper<boost::shared_ptr<pcl::search::Search<pcl::PointXYZ>>>,boost::arg<1>,boost::arg<2>,boost::arg<3>,boost::arg<4>,boost::arg<5>>::operator ()<int,F,boost::_bi::rrlist5<A1,A2,A3,A4,A5>>(boost::_bi::type<int>,F &,A &,long)' que se está compilando
                 with
                 [
                     R=int
         ,            F=boost::_mfi::cmf5<int,pcl::search::Search<pcl::PointXYZ>,const pcl::PointCloud<pcl::PointXYZ> &,int,int,std::vector<int,std::allocator<int>> &,std::vector<float,std::allocator<float>> &>
         ,            A1=const pcl::PointCloud<pcl::PointXYZ> &
         ,            A2=size_t
         ,            A3=double
         ,            A4=std::vector<int,std::allocator<int>> &
         ,            A5=std::vector<float,std::allocator<float>> &
         ,            A=boost::_bi::rrlist5<const pcl::PointCloud<pcl::PointXYZ> &,size_t,double,std::vector<int,std::allocator<int>> &,std::vector<float,std::allocator<float>> &>
                 ]
                 C:\Program Files\PCL 1.8.0\3rdParty\Boost\include\boost-1_61\boost/function/function_template.hpp(138) : vea la referencia a la creación de instancias de plantilla de función 'int boost::_bi::bind_t<int,boost::_mfi::cmf5<int,pcl::search::Search<pcl::PointXYZ>,const pcl::PointCloud<pcl::PointXYZ> &,int,int,std::vector<int,std::allocator<_Ty>> &,std::vector<float,std::allocator<float>> &>,boost::_bi::list6<boost::reference_wrapper<boost::shared_ptr<pcl::search::Search<pcl::PointXYZ>>>,boost::arg<1>,boost::arg<2>,boost::arg<3>,boost::arg<4>,boost::arg<5>>>::operator ()<const pcl::PointCloud<pcl::PointXYZ>&,T,double,std::vector<_Ty,std::allocator<_Ty>>&,std::vector<float,std::allocator<float>>&>(A1,A2 &&,A3 &&,A4,A5)' que se está compilando
                 with
                 [
                     _Ty=int
         ,            T=size_t
         ,            A1=const pcl::PointCloud<pcl::PointXYZ> &
         ,            A2=size_t
         ,            A3=double
         ,            A4=std::vector<int,std::allocator<int>> &
         ,            A5=std::vector<float,std::allocator<float>> &
                 ]
                 C:\Program Files\PCL 1.8.0\3rdParty\Boost\include\boost-1_61\boost/function/function_template.hpp(138) : vea la referencia a la creación de instancias de plantilla de función 'int boost::_bi::bind_t<int,boost::_mfi::cmf5<int,pcl::search::Search<pcl::PointXYZ>,const pcl::PointCloud<pcl::PointXYZ> &,int,int,std::vector<int,std::allocator<_Ty>> &,std::vector<float,std::allocator<float>> &>,boost::_bi::list6<boost::reference_wrapper<boost::shared_ptr<pcl::search::Search<pcl::PointXYZ>>>,boost::arg<1>,boost::arg<2>,boost::arg<3>,boost::arg<4>,boost::arg<5>>>::operator ()<const pcl::PointCloud<pcl::PointXYZ>&,T,double,std::vector<_Ty,std::allocator<_Ty>>&,std::vector<float,std::allocator<float>>&>(A1,A2 &&,A3 &&,A4,A5)' que se está compilando
                 with
                 [
                     _Ty=int
         ,            T=size_t
         ,            A1=const pcl::PointCloud<pcl::PointXYZ> &
         ,            A2=size_t
         ,            A3=double
         ,            A4=std::vector<int,std::allocator<int>> &
         ,            A5=std::vector<float,std::allocator<float>> &
                 ]
                 C:\Program Files\PCL 1.8.0\3rdParty\Boost\include\boost-1_61\boost/function/function_template.hpp(132) : durante la compilación de la función miembro de plantilla de clase 'int boost::detail::function::function_obj_invoker5<FunctionObj,R,T0,T1,T2,T3,T4>::invoke(boost::detail::function::function_buffer &,T0,T1,T2,T3,T4)'
                 with
                 [
                     FunctionObj=boost::_bi::bind_t<int,boost::_mfi::cmf5<int,pcl::search::Search<pcl::PointXYZ>,const pcl::PointCloud<pcl::PointXYZ> &,int,int,std::vector<int,std::allocator<int>> &,std::vector<float,std::allocator<float>> &>,boost::_bi::list6<boost::reference_wrapper<boost::shared_ptr<pcl::search::Search<pcl::PointXYZ>>>,boost::arg<1>,boost::arg<2>,boost::arg<3>,boost::arg<4>,boost::arg<5>>>
         ,            R=int
         ,            T0=const pcl::PointCloud<pcl::PointXYZ> &
         ,            T1=size_t
         ,            T2=double
         ,            T3=std::vector<int,std::allocator<int>> &
         ,            T4=std::vector<float,std::allocator<float>> &
                 ]
                 C:\Program Files\PCL 1.8.0\3rdParty\Boost\include\boost-1_61\boost/function/function_template.hpp(937) : vea la referencia a la creación de instancias de plantilla de función 'int boost::detail::function::function_obj_invoker5<FunctionObj,R,T0,T1,T2,T3,T4>::invoke(boost::detail::function::function_buffer &,T0,T1,T2,T3,T4)' que se está compilando
                 with
                 [
                     FunctionObj=boost::_bi::bind_t<int,boost::_mfi::cmf5<int,pcl::search::Search<pcl::PointXYZ>,const pcl::PointCloud<pcl::PointXYZ> &,int,int,std::vector<int,std::allocator<int>> &,std::vector<float,std::allocator<float>> &>,boost::_bi::list6<boost::reference_wrapper<boost::shared_ptr<pcl::search::Search<pcl::PointXYZ>>>,boost::arg<1>,boost::arg<2>,boost::arg<3>,boost::arg<4>,boost::arg<5>>>
         ,            R=int
         ,            T0=const pcl::PointCloud<pcl::PointXYZ> &
         ,            T1=size_t
         ,            T2=double
         ,            T3=std::vector<int,std::allocator<int>> &
         ,            T4=std::vector<float,std::allocator<float>> &
                 ]
                 C:\Program Files\PCL 1.8.0\3rdParty\Boost\include\boost-1_61\boost/function/function_template.hpp(937) : vea la referencia a la creación de instancias de plantilla de clase 'boost::detail::function::function_obj_invoker5<FunctionObj,R,T0,T1,T2,T3,T4>' que se está compilando
                 with
                 [
                     FunctionObj=boost::_bi::bind_t<int,boost::_mfi::cmf5<int,pcl::search::Search<pcl::PointXYZ>,const pcl::PointCloud<pcl::PointXYZ> &,int,int,std::vector<int,std::allocator<int>> &,std::vector<float,std::allocator<float>> &>,boost::_bi::list6<boost::reference_wrapper<boost::shared_ptr<pcl::search::Search<pcl::PointXYZ>>>,boost::arg<1>,boost::arg<2>,boost::arg<3>,boost::arg<4>,boost::arg<5>>>
         ,            R=int
         ,            T0=const pcl::PointCloud<pcl::PointXYZ> &
         ,            T1=size_t
         ,            T2=double
         ,            T3=std::vector<int,std::allocator<int>> &
         ,            T4=std::vector<float,std::allocator<float>> &
                 ]
                 C:\Program Files\PCL 1.8.0\3rdParty\Boost\include\boost-1_61\boost/function/function_template.hpp(727) : vea la referencia a la creación de instancias de plantilla de función 'void boost::function5<R,T0,T1,T2,T3,T4>::assign_to<Functor>(Functor)' que se está compilando
                 with
                 [
                     R=int
         ,            T0=const pcl::PointCloud<pcl::PointXYZ> &
         ,            T1=size_t
         ,            T2=double
         ,            T3=std::vector<int,std::allocator<int>> &
         ,            T4=std::vector<float,std::allocator<float>> &
         ,            Functor=boost::_bi::bind_t<int,boost::_mfi::cmf5<int,pcl::search::Search<pcl::PointXYZ>,const pcl::PointCloud<pcl::PointXYZ> &,int,int,std::vector<int,std::allocator<int>> &,std::vector<float,std::allocator<float>> &>,boost::_bi::list6<boost::reference_wrapper<boost::shared_ptr<pcl::search::Search<pcl::PointXYZ>>>,boost::arg<1>,boost::arg<2>,boost::arg<3>,boost::arg<4>,boost::arg<5>>>
                 ]
                 C:\Program Files\PCL 1.8.0\3rdParty\Boost\include\boost-1_61\boost/function/function_template.hpp(727) : vea la referencia a la creación de instancias de plantilla de función 'void boost::function5<R,T0,T1,T2,T3,T4>::assign_to<Functor>(Functor)' que se está compilando
                 with
                 [
                     R=int
         ,            T0=const pcl::PointCloud<pcl::PointXYZ> &
         ,            T1=size_t
         ,            T2=double
         ,            T3=std::vector<int,std::allocator<int>> &
         ,            T4=std::vector<float,std::allocator<float>> &
         ,            Functor=boost::_bi::bind_t<int,boost::_mfi::cmf5<int,pcl::search::Search<pcl::PointXYZ>,const pcl::PointCloud<pcl::PointXYZ> &,int,int,std::vector<int,std::allocator<int>> &,std::vector<float,std::allocator<float>> &>,boost::_bi::list6<boost::reference_wrapper<boost::shared_ptr<pcl::search::Search<pcl::PointXYZ>>>,boost::arg<1>,boost::arg<2>,boost::arg<3>,boost::arg<4>,boost::arg<5>>>
                 ]
                 C:\Program Files\PCL 1.8.0\3rdParty\Boost\include\boost-1_61\boost/function/function_template.hpp(1074) : vea la referencia a la creación de instancias de plantilla de función 'boost::function5<R,T0,T1,T2,T3,T4>::function5<boost::_bi::bind_t<R,boost::_mfi::cmf5<R,pcl::search::Search<pcl::PointXYZ>,const pcl::PointCloud<pcl::PointXYZ> &,int,int,std::vector<int,std::allocator<_Ty>> &,std::vector<float,std::allocator<float>> &>,boost::_bi::list6<boost::reference_wrapper<boost::shared_ptr<pcl::search::Search<pcl::PointXYZ>>>,boost::arg<1>,boost::arg<2>,boost::arg<3>,boost::arg<4>,boost::arg<5>>>>(Functor,int)' que se está compilando
                 with
                 [
                     R=int
         ,            T0=const pcl::PointCloud<pcl::PointXYZ> &
         ,            T1=size_t
         ,            T2=double
         ,            T3=std::vector<int,std::allocator<int>> &
         ,            T4=std::vector<float,std::allocator<float>> &
         ,            _Ty=int
         ,            Functor=boost::_bi::bind_t<int,boost::_mfi::cmf5<int,pcl::search::Search<pcl::PointXYZ>,const pcl::PointCloud<pcl::PointXYZ> &,int,int,std::vector<int,std::allocator<int>> &,std::vector<float,std::allocator<float>> &>,boost::_bi::list6<boost::reference_wrapper<boost::shared_ptr<pcl::search::Search<pcl::PointXYZ>>>,boost::arg<1>,boost::arg<2>,boost::arg<3>,boost::arg<4>,boost::arg<5>>>
                 ]
                 C:\Program Files\PCL 1.8.0\3rdParty\Boost\include\boost-1_61\boost/function/function_template.hpp(1074) : vea la referencia a la creación de instancias de plantilla de función 'boost::function5<R,T0,T1,T2,T3,T4>::function5<boost::_bi::bind_t<R,boost::_mfi::cmf5<R,pcl::search::Search<pcl::PointXYZ>,const pcl::PointCloud<pcl::PointXYZ> &,int,int,std::vector<int,std::allocator<_Ty>> &,std::vector<float,std::allocator<float>> &>,boost::_bi::list6<boost::reference_wrapper<boost::shared_ptr<pcl::search::Search<pcl::PointXYZ>>>,boost::arg<1>,boost::arg<2>,boost::arg<3>,boost::arg<4>,boost::arg<5>>>>(Functor,int)' que se está compilando
                 with
                 [
                     R=int
         ,            T0=const pcl::PointCloud<pcl::PointXYZ> &
         ,            T1=size_t
         ,            T2=double
         ,            T3=std::vector<int,std::allocator<int>> &
         ,            T4=std::vector<float,std::allocator<float>> &
         ,            _Ty=int
         ,            Functor=boost::_bi::bind_t<int,boost::_mfi::cmf5<int,pcl::search::Search<pcl::PointXYZ>,const pcl::PointCloud<pcl::PointXYZ> &,int,int,std::vector<int,std::allocator<int>> &,std::vector<float,std::allocator<float>> &>,boost::_bi::list6<boost::reference_wrapper<boost::shared_ptr<pcl::search::Search<pcl::PointXYZ>>>,boost::arg<1>,boost::arg<2>,boost::arg<3>,boost::arg<4>,boost::arg<5>>>
                 ]
                 C:\Program Files\PCL 1.8.0\3rdParty\Boost\include\boost-1_61\boost/function/function_template.hpp(1126) : vea la referencia a la creación de instancias de plantilla de función 'boost::function<int (const pcl::PointCloud<pcl::PointXYZ> &,size_t,double,std::vector<int,std::allocator<_Ty>> &,std::vector<float,std::allocator<float>> &)>::function<boost::_bi::bind_t<int,boost::_mfi::cmf5<int,pcl::search::Search<pcl::PointXYZ>,const pcl::PointCloud<pcl::PointXYZ> &,int,int,std::vector<_Ty,std::allocator<_Ty>> &,std::vector<float,std::allocator<float>> &>,boost::_bi::list6<boost::reference_wrapper<boost::shared_ptr<pcl::search::Search<pcl::PointXYZ>>>,boost::arg<1>,boost::arg<2>,boost::arg<3>,boost::arg<4>,boost::arg<5>>>>(Functor,int)' que se está compilando
                 with
                 [
                     _Ty=int
         ,            Functor=boost::_bi::bind_t<int,boost::_mfi::cmf5<int,pcl::search::Search<pcl::PointXYZ>,const pcl::PointCloud<pcl::PointXYZ> &,int,int,std::vector<int,std::allocator<int>> &,std::vector<float,std::allocator<float>> &>,boost::_bi::list6<boost::reference_wrapper<boost::shared_ptr<pcl::search::Search<pcl::PointXYZ>>>,boost::arg<1>,boost::arg<2>,boost::arg<3>,boost::arg<4>,boost::arg<5>>>
                 ]
                 C:\Program Files\PCL 1.8.0\3rdParty\Boost\include\boost-1_61\boost/function/function_template.hpp(1126) : vea la referencia a la creación de instancias de plantilla de función 'boost::function<int (const pcl::PointCloud<pcl::PointXYZ> &,size_t,double,std::vector<int,std::allocator<_Ty>> &,std::vector<float,std::allocator<float>> &)>::function<boost::_bi::bind_t<int,boost::_mfi::cmf5<int,pcl::search::Search<pcl::PointXYZ>,const pcl::PointCloud<pcl::PointXYZ> &,int,int,std::vector<_Ty,std::allocator<_Ty>> &,std::vector<float,std::allocator<float>> &>,boost::_bi::list6<boost::reference_wrapper<boost::shared_ptr<pcl::search::Search<pcl::PointXYZ>>>,boost::arg<1>,boost::arg<2>,boost::arg<3>,boost::arg<4>,boost::arg<5>>>>(Functor,int)' que se está compilando
                 with
                 [
                     _Ty=int
         ,            Functor=boost::_bi::bind_t<int,boost::_mfi::cmf5<int,pcl::search::Search<pcl::PointXYZ>,const pcl::PointCloud<pcl::PointXYZ> &,int,int,std::vector<int,std::allocator<int>> &,std::vector<float,std::allocator<float>> &>,boost::_bi::list6<boost::reference_wrapper<boost::shared_ptr<pcl::search::Search<pcl::PointXYZ>>>,boost::arg<1>,boost::arg<2>,boost::arg<3>,boost::arg<4>,boost::arg<5>>>
                 ]
                 C:\Program Files\PCL 1.8.0\include\pcl-1.8\pcl/features/impl/feature.hpp(160) : vea la referencia a la creación de instancias de plantilla de función 'boost::function<int (const pcl::PointCloud<pcl::PointXYZ> &,size_t,double,std::vector<int,std::allocator<_Ty>> &,std::vector<float,std::allocator<float>> &)> &boost::function<int (const pcl::PointCloud<pcl::PointXYZ> &,size_t,double,std::vector<_Ty,std::allocator<_Ty>> &,std::vector<float,std::allocator<float>> &)>::operator =<boost::_bi::bind_t<int,boost::_mfi::cmf5<int,pcl::search::Search<pcl::PointXYZ>,const pcl::PointCloud<pcl::PointXYZ> &,int,int,std::vector<_Ty,std::allocator<_Ty>> &,std::vector<float,std::allocator<float>> &>,boost::_bi::list6<boost::reference_wrapper<boost::shared_ptr<pcl::search::Search<pcl::PointXYZ>>>,boost::arg<1>,boost::arg<2>,boost::arg<3>,boost::arg<4>,boost::arg<5>>>>(Functor)' que se está compilando
                 with
                 [
                     _Ty=int
         ,            Functor=boost::_bi::bind_t<int,boost::_mfi::cmf5<int,pcl::search::Search<pcl::PointXYZ>,const pcl::PointCloud<pcl::PointXYZ> &,int,int,std::vector<int,std::allocator<int>> &,std::vector<float,std::allocator<float>> &>,boost::_bi::list6<boost::reference_wrapper<boost::shared_ptr<pcl::search::Search<pcl::PointXYZ>>>,boost::arg<1>,boost::arg<2>,boost::arg<3>,boost::arg<4>,boost::arg<5>>>
                 ]
                 C:\Program Files\PCL 1.8.0\include\pcl-1.8\pcl/features/impl/feature.hpp(160) : vea la referencia a la creación de instancias de plantilla de función 'boost::function<int (const pcl::PointCloud<pcl::PointXYZ> &,size_t,double,std::vector<int,std::allocator<_Ty>> &,std::vector<float,std::allocator<float>> &)> &boost::function<int (const pcl::PointCloud<pcl::PointXYZ> &,size_t,double,std::vector<_Ty,std::allocator<_Ty>> &,std::vector<float,std::allocator<float>> &)>::operator =<boost::_bi::bind_t<int,boost::_mfi::cmf5<int,pcl::search::Search<pcl::PointXYZ>,const pcl::PointCloud<pcl::PointXYZ> &,int,int,std::vector<_Ty,std::allocator<_Ty>> &,std::vector<float,std::allocator<float>> &>,boost::_bi::list6<boost::reference_wrapper<boost::shared_ptr<pcl::search::Search<pcl::PointXYZ>>>,boost::arg<1>,boost::arg<2>,boost::arg<3>,boost::arg<4>,boost::arg<5>>>>(Functor)' que se está compilando
                 with
                 [
                     _Ty=int
         ,            Functor=boost::_bi::bind_t<int,boost::_mfi::cmf5<int,pcl::search::Search<pcl::PointXYZ>,const pcl::PointCloud<pcl::PointXYZ> &,int,int,std::vector<int,std::allocator<int>> &,std::vector<float,std::allocator<float>> &>,boost::_bi::list6<boost::reference_wrapper<boost::shared_ptr<pcl::search::Search<pcl::PointXYZ>>>,boost::arg<1>,boost::arg<2>,boost::arg<3>,boost::arg<4>,boost::arg<5>>>
                 ]
     1>C:\Program Files\PCL 1.8.0\3rdParty\Boost\include\boost-1_61\boost/bind/bind.hpp(592): warning C4267: 'argumento' : conversión de 'size_t' a 'int'; posible pérdida de datos
       Link:
         C:\Program Files (x86)\Microsoft Visual Studio 12.0\VC\bin\x86_amd64\link.exe /ERRORREPORT:PROMPT /OUT:"C:\Users\AUTIS_MM\Desktop\3D_Vision\3D_algorithms_dll_code\x64\Release\3D_algorithms_dll_code.dll" /INCREMENTAL:NO /NOLOGO /LIBPATH:"C:/Program Files/PCL 1.8.0/lib" /LIBPATH:"C:/Program Files/PCL 1.8.0/lib/Release" /LIBPATH:C:\opencv\opencv_2.4.9\opencv\build\x64\vc12\lib kernel32.lib user32.lib gdi32.lib winspool.lib shell32.lib ole32.lib oleaut32.lib uuid.lib comdlg32.lib advapi32.lib "C:\Program Files\PCL 1.8.0\3rdParty\Boost\lib\libboost_system-vc120-mt-1_61.lib" "C:\Program Files\PCL 1.8.0\3rdParty\Boost\lib\libboost_filesystem-vc120-mt-1_61.lib" "C:\Program Files\PCL 1.8.0\3rdParty\Boost\lib\libboost_thread-vc120-mt-1_61.lib" "C:\Program Files\PCL 1.8.0\3rdParty\Boost\lib\libboost_date_time-vc120-mt-1_61.lib" "C:\Program Files\PCL 1.8.0\3rdParty\Boost\lib\libboost_iostreams-vc120-mt-1_61.lib" "C:\Program Files\PCL 1.8.0\3rdParty\Boost\lib\libboost_serialization-vc120-mt-1_61.lib" "C:\Program Files\PCL 1.8.0\3rdParty\Boost\lib\libboost_chrono-vc120-mt-1_61.lib" "C:\Program Files\PCL 1.8.0\3rdParty\Boost\lib\libboost_atomic-vc120-mt-1_61.lib" "C:\Program Files\PCL 1.8.0\3rdParty\Boost\lib\libboost_regex-vc120-mt-1_61.lib" "C:\Program Files\PCL 1.8.0\lib\pcl_common_release.lib" "C:\Program Files\PCL 1.8.0\lib\pcl_octree_release.lib" "C:\Program Files\OpenNI2\Lib\OpenNI2.lib" "C:\Program Files\PCL 1.8.0\3rdParty\VTK\lib\vtkalglib-7.0.lib" "C:\Program Files\PCL 1.8.0\3rdParty\VTK\lib\vtkChartsCore-7.0.lib" "C:\Program Files\PCL 1.8.0\3rdParty\VTK\lib\vtkCommonColor-7.0.lib" "C:\Program Files\PCL 1.8.0\3rdParty\VTK\lib\vtkCommonDataModel-7.0.lib" "C:\Program Files\PCL 1.8.0\3rdParty\VTK\lib\vtkCommonMath-7.0.lib" "C:\Program Files\PCL 1.8.0\3rdParty\VTK\lib\vtkCommonCore-7.0.lib" "C:\Program Files\PCL 1.8.0\3rdParty\VTK\lib\vtksys-7.0.lib" "C:\Program Files\PCL 1.8.0\3rdParty\VTK\lib\vtkCommonMisc-7.0.lib" "C:\Program Files\PCL 1.8.0\3rdParty\VTK\lib\vtkCommonSystem-7.0.lib" "C:\Program Files\PCL 1.8.0\3rdParty\VTK\lib\vtkCommonTransforms-7.0.lib" "C:\Program Files\PCL 1.8.0\3rdParty\VTK\lib\vtkInfovisCore-7.0.lib" "C:\Program Files\PCL 1.8.0\3rdParty\VTK\lib\vtkFiltersExtraction-7.0.lib" "C:\Program Files\PCL 1.8.0\3rdParty\VTK\lib\vtkCommonExecutionModel-7.0.lib" "C:\Program Files\PCL 1.8.0\3rdParty\VTK\lib\vtkFiltersCore-7.0.lib" "C:\Program Files\PCL 1.8.0\3rdParty\VTK\lib\vtkFiltersGeneral-7.0.lib" "C:\Program Files\PCL 1.8.0\3rdParty\VTK\lib\vtkCommonComputationalGeometry-7.0.lib" "C:\Program Files\PCL 1.8.0\3rdParty\VTK\lib\vtkFiltersStatistics-7.0.lib" "C:\Program Files\PCL 1.8.0\3rdParty\VTK\lib\vtkImagingFourier-7.0.lib" "C:\Program Files\PCL 1.8.0\3rdParty\VTK\lib\vtkImagingCore-7.0.lib" "C:\Program Files\PCL 1.8.0\3rdParty\VTK\lib\vtkRenderingContext2D-7.0.lib" "C:\Program Files\PCL 1.8.0\3rdParty\VTK\lib\vtkRenderingCore-7.0.lib" "C:\Program Files\PCL 1.8.0\3rdParty\VTK\lib\vtkFiltersGeometry-7.0.lib" "C:\Program Files\PCL 1.8.0\3rdParty\VTK\lib\vtkFiltersSources-7.0.lib" "C:\Program Files\PCL 1.8.0\3rdParty\VTK\lib\vtkRenderingFreeType-7.0.lib" "C:\Program Files\PCL 1.8.0\3rdParty\VTK\lib\vtkfreetype-7.0.lib" "C:\Program Files\PCL 1.8.0\3rdParty\VTK\lib\vtkzlib-7.0.lib" "C:\Program Files\PCL 1.8.0\3rdParty\VTK\lib\vtkDICOMParser-7.0.lib" "C:\Program Files\PCL 1.8.0\3rdParty\VTK\lib\vtkDomainsChemistry-7.0.lib" "C:\Program Files\PCL 1.8.0\3rdParty\VTK\lib\vtkIOXML-7.0.lib" "C:\Program Files\PCL 1.8.0\3rdParty\VTK\lib\vtkIOGeometry-7.0.lib" "C:\Program Files\PCL 1.8.0\3rdParty\VTK\lib\vtkIOCore-7.0.lib" "C:\Program Files\PCL 1.8.0\3rdParty\VTK\lib\vtkIOXMLParser-7.0.lib" "C:\Program Files\PCL 1.8.0\3rdParty\VTK\lib\vtkexpat-7.0.lib" "C:\Program Files\PCL 1.8.0\3rdParty\VTK\lib\vtkexoIIc-7.0.lib" "C:\Program Files\PCL 1.8.0\3rdParty\VTK\lib\vtkNetCDF-7.0.lib" "C:\Program Files\PCL 1.8.0\3rdParty\VTK\lib\vtkNetCDF_cxx-7.0.lib" "C:\Program Files\PCL 1.8.0\3rdParty\VTK\lib\vtkhdf5_hl-7.0.lib" "C:\Program Files\PCL 1.8.0\3rdParty\VTK\lib\vtkhdf5-7.0.lib" "C:\Program Files\PCL 1.8.0\3rdParty\VTK\lib\vtkFiltersAMR-7.0.lib" "C:\Program Files\PCL 1.8.0\3rdParty\VTK\lib\vtkParallelCore-7.0.lib" "C:\Program Files\PCL 1.8.0\3rdParty\VTK\lib\vtkIOLegacy-7.0.lib" "C:\Program Files\PCL 1.8.0\3rdParty\VTK\lib\vtkFiltersFlowPaths-7.0.lib" "C:\Program Files\PCL 1.8.0\3rdParty\VTK\lib\vtkFiltersGeneric-7.0.lib" "C:\Program Files\PCL 1.8.0\3rdParty\VTK\lib\vtkFiltersHybrid-7.0.lib" "C:\Program Files\PCL 1.8.0\3rdParty\VTK\lib\vtkImagingSources-7.0.lib" "C:\Program Files\PCL 1.8.0\3rdParty\VTK\lib\vtkFiltersHyperTree-7.0.lib" "C:\Program Files\PCL 1.8.0\3rdParty\VTK\lib\vtkFiltersImaging-7.0.lib" "C:\Program Files\PCL 1.8.0\3rdParty\VTK\lib\vtkImagingGeneral-7.0.lib" "C:\Program Files\PCL 1.8.0\3rdParty\VTK\lib\vtkFiltersModeling-7.0.lib" "C:\Program Files\PCL 1.8.0\3rdParty\VTK\lib\vtkFiltersParallel-7.0.lib" "C:\Program Files\PCL 1.8.0\3rdParty\VTK\lib\vtkFiltersParallelImaging-7.0.lib" "C:\Program Files\PCL 1.8.0\3rdParty\VTK\lib\vtkFiltersProgrammable-7.0.lib" "C:\Program Files\PCL 1.8.0\3rdParty\VTK\lib\vtkFiltersSelection-7.0.lib" "C:\Program Files\PCL 1.8.0\3rdParty\VTK\lib\vtkFiltersSMP-7.0.lib" "C:\Program Files\PCL 1.8.0\3rdParty\VTK\lib\vtkFiltersTexture-7.0.lib" "C:\Program Files\PCL 1.8.0\3rdParty\VTK\lib\vtkFiltersVerdict-7.0.lib" "C:\Program Files\PCL 1.8.0\3rdParty\VTK\lib\vtkverdict-7.0.lib" "C:\Program Files\PCL 1.8.0\3rdParty\VTK\lib\vtkGeovisCore-7.0.lib" "C:\Program Files\PCL 1.8.0\3rdParty\VTK\lib\vtkInfovisLayout-7.0.lib" "C:\Program Files\PCL 1.8.0\3rdParty\VTK\lib\vtkImagingHybrid-7.0.lib" "C:\Program Files\PCL 1.8.0\3rdParty\VTK\lib\vtkIOImage-7.0.lib" "C:\Program Files\PCL 1.8.0\3rdParty\VTK\lib\vtkmetaio-7.0.lib" "C:\Program Files\PCL 1.8.0\3rdParty\VTK\lib\vtkjpeg-7.0.lib" "C:\Program Files\PCL 1.8.0\3rdParty\VTK\lib\vtkpng-7.0.lib" "C:\Program Files\PCL 1.8.0\3rdParty\VTK\lib\vtktiff-7.0.lib" "C:\Program Files\PCL 1.8.0\3rdParty\VTK\lib\vtkInteractionStyle-7.0.lib" "C:\Program Files\PCL 1.8.0\3rdParty\VTK\lib\vtkInteractionWidgets-7.0.lib" "C:\Program Files\PCL 1.8.0\3rdParty\VTK\lib\vtkRenderingAnnotation-7.0.lib" "C:\Program Files\PCL 1.8.0\3rdParty\VTK\lib\vtkImagingColor-7.0.lib" "C:\Program Files\PCL 1.8.0\3rdParty\VTK\lib\vtkRenderingVolume-7.0.lib" "C:\Program Files\PCL 1.8.0\3rdParty\VTK\lib\vtkViewsCore-7.0.lib" "C:\Program Files\PCL 1.8.0\3rdParty\VTK\lib\vtkproj4-7.0.lib" "C:\Program Files\PCL 1.8.0\3rdParty\VTK\lib\vtkgl2ps-7.0.lib" "C:\Program Files\PCL 1.8.0\3rdParty\VTK\lib\vtkImagingMath-7.0.lib" "C:\Program Files\PCL 1.8.0\3rdParty\VTK\lib\vtkImagingMorphological-7.0.lib" "C:\Program Files\PCL 1.8.0\3rdParty\VTK\lib\vtkImagingStatistics-7.0.lib" "C:\Program Files\PCL 1.8.0\3rdParty\VTK\lib\vtkImagingStencil-7.0.lib" "C:\Program Files\PCL 1.8.0\3rdParty\VTK\lib\vtkInteractionImage-7.0.lib" "C:\Program Files\PCL 1.8.0\3rdParty\VTK\lib\vtkIOAMR-7.0.lib" "C:\Program Files\PCL 1.8.0\3rdParty\VTK\lib\vtkIOEnSight-7.0.lib" "C:\Program Files\PCL 1.8.0\3rdParty\VTK\lib\vtkIOExodus-7.0.lib" "C:\Program Files\PCL 1.8.0\3rdParty\VTK\lib\vtkIOExport-7.0.lib" "C:\Program Files\PCL 1.8.0\3rdParty\VTK\lib\vtkRenderingGL2PS-7.0.lib" "C:\Program Files\PCL 1.8.0\3rdParty\VTK\lib\vtkRenderingContextOpenGL-7.0.lib" "C:\Program Files\PCL 1.8.0\3rdParty\VTK\lib\vtkRenderingOpenGL-7.0.lib" "C:\Program Files\PCL 1.8.0\3rdParty\VTK\lib\vtkRenderingLabel-7.0.lib" "C:\Program Files\PCL 1.8.0\3rdParty\VTK\lib\vtkIOImport-7.0.lib" "C:\Program Files\PCL 1.8.0\3rdParty\VTK\lib\vtkIOInfovis-7.0.lib" "C:\Program Files\PCL 1.8.0\3rdParty\VTK\lib\vtklibxml2-7.0.lib" "C:\Program Files\PCL 1.8.0\3rdParty\VTK\lib\vtkIOLSDyna-7.0.lib" "C:\Program Files\PCL 1.8.0\3rdParty\VTK\lib\vtkIOMINC-7.0.lib" "C:\Program Files\PCL 1.8.0\3rdParty\VTK\lib\vtkIOMovie-7.0.lib" "C:\Program Files\PCL 1.8.0\3rdParty\VTK\lib\vtkoggtheora-7.0.lib" "C:\Program Files\PCL 1.8.0\3rdParty\VTK\lib\vtkIONetCDF-7.0.lib" "C:\Program Files\PCL 1.8.0\3rdParty\VTK\lib\vtkIOParallel-7.0.lib" "C:\Program Files\PCL 1.8.0\3rdParty\VTK\lib\vtkjsoncpp-7.0.lib" "C:\Program Files\PCL 1.8.0\3rdParty\VTK\lib\vtkIOParallelXML-7.0.lib" "C:\Program Files\PCL 1.8.0\3rdParty\VTK\lib\vtkIOPLY-7.0.lib" "C:\Program Files\PCL 1.8.0\3rdParty\VTK\lib\vtkIOSQL-7.0.lib" "C:\Program Files\PCL 1.8.0\3rdParty\VTK\lib\vtksqlite-7.0.lib" "C:\Program Files\PCL 1.8.0\3rdParty\VTK\lib\vtkIOVideo-7.0.lib" "C:\Program Files\PCL 1.8.0\3rdParty\VTK\lib\vtkRenderingImage-7.0.lib" "C:\Program Files\PCL 1.8.0\3rdParty\VTK\lib\vtkRenderingLIC-7.0.lib" "C:\Program Files\PCL 1.8.0\3rdParty\VTK\lib\vtkRenderingLOD-7.0.lib" "C:\Program Files\PCL 1.8.0\3rdParty\VTK\lib\vtkRenderingVolumeOpenGL-7.0.lib" "C:\Program Files\PCL 1.8.0\3rdParty\VTK\lib\vtkViewsContext2D-7.0.lib" "C:\Program Files\PCL 1.8.0\3rdParty\VTK\lib\vtkViewsInfovis-7.0.lib" "C:\Program Files\PCL 1.8.0\lib\pcl_io_release.lib" "C:\Program Files\PCL 1.8.0\3rdParty\FLANN\lib\flann_cpp_s.lib" "C:\Program Files\PCL 1.8.0\lib\pcl_kdtree_release.lib" "C:\Program Files\PCL 1.8.0\lib\pcl_search_release.lib" "C:\Program Files\PCL 1.8.0\lib\pcl_sample_consensus_release.lib" "C:\Program Files\PCL 1.8.0\lib\pcl_filters_release.lib" "C:\Program Files\PCL 1.8.0\lib\pcl_features_release.lib" "C:\Program Files\PCL 1.8.0\lib\pcl_ml_release.lib" "C:\Program Files\PCL 1.8.0\lib\pcl_segmentation_release.lib" "C:\Program Files\PCL 1.8.0\lib\pcl_visualization_release.lib" "C:\Program Files\PCL 1.8.0\3rdParty\Qhull\lib\qhullstatic.lib" "C:\Program Files\PCL 1.8.0\lib\pcl_surface_release.lib" "C:\Program Files\PCL 1.8.0\lib\pcl_registration_release.lib" "C:\Program Files\PCL 1.8.0\lib\pcl_keypoints_release.lib" "C:\Program Files\PCL 1.8.0\lib\pcl_tracking_release.lib" "C:\Program Files\PCL 1.8.0\lib\pcl_recognition_release.lib" "C:\Program Files\PCL 1.8.0\lib\pcl_stereo_release.lib" "C:\Program Files\PCL 1.8.0\lib\pcl_outofcore_release.lib" "C:\Program Files\PCL 1.8.0\lib\pcl_people_release.lib" vfw32.lib glu32.lib opengl32.lib comctl32.lib wsock32.lib ws2_32.lib Psapi.lib kernel32.lib user32.lib gdi32.lib winspool.lib comdlg32.lib advapi32.lib shell32.lib ole32.lib oleaut32.lib uuid.lib odbc32.lib odbccp32.lib /MANIFEST /MANIFESTUAC:"level='asInvoker' uiAccess='false'" /manifest:embed /DEBUG /PDB:"C:\Users\AUTIS_MM\Desktop\3D_Vision\3D_algorithms_dll_code\x64\Release\3D_algorithms_dll_code.pdb" /SUBSYSTEM:WINDOWS /OPT:REF /OPT:ICF /LTCG /TLBID:1 /DYNAMICBASE /NXCOMPAT /IMPLIB:"C:\Users\AUTIS_MM\Desktop\3D_Vision\3D_algorithms_dll_code\x64\Release\3D_algorithms_dll_code.lib" /MACHINE:X64 /DLL x64\Release\dllmain.obj
         x64\Release\3D_algorithms_dll_code.obj
         x64\Release\stdafx.obj
            Creando biblioteca C:\Users\AUTIS_MM\Desktop\3D_Vision\3D_algorithms_dll_code\x64\Release\3D_algorithms_dll_code.lib y objeto C:\Users\AUTIS_MM\Desktop\3D_Vision\3D_algorithms_dll_code\x64\Release\3D_algorithms_dll_code.exp
         Generando código
         Generación de código finalizada
         icp_dll.vcxproj -> C:\Users\AUTIS_MM\Desktop\3D_Vision\3D_algorithms_dll_code\x64\Release\3D_algorithms_dll_code.dll
     1>Compilación del proyecto terminada "C:\Users\AUTIS_MM\Desktop\3D_Vision\3D_algorithms_dll_code\icp_dll\icp_dll.vcxproj" (Build destinos).

Compilación correcta.

Tiempo transcurrido 00:00:40.93
